#
# A fatal error has been detected by the Java Runtime Environment:
#
#  EXCEPTION_ACCESS_VIOLATION (0xc0000005) at pc=0x25a96600, pid=6436, tid=0x00001050
#
# JRE version: Java(TM) SE Runtime Environment (8.0_131-b11) (build 1.8.0_131-b11)
# Java VM: Java HotSpot(TM) Client VM (25.131-b11 mixed mode windows-x86 )
# Problematic frame:
# C  0x25a96600
#
# Failed to write core dump. Minidumps are not enabled by default on client versions of Windows
#
# If you would like to submit a bug report, please visit:
#   http://bugreport.java.com/bugreport/crash.jsp
# The crash happened outside the Java Virtual Machine in native code.
# See problematic frame for where to report the bug.
#

---------------  T H R E A D  ---------------

Current thread (0x252b6400):  JavaThread "Daemon worker" [_thread_in_native, id=4176, stack(0x26690000,0x266e0000)]

siginfo: ExceptionCode=0xc0000005, ExceptionInformation=0x00000008 0x25a96600

Registers:
EAX=0x00000004, EBX=0x252b6540, ECX=0x00000000, EDX=0x24c4e11c
ESP=0x266dd388, EBP=0x266dd3b8, ESI=0x266dd3d8, EDI=0x2984ba08
EIP=0x25a96600, EFLAGS=0x00010216

Top of Stack: (sp=0x266dd388)
0x266dd388:   266dd464 00000000 63d08e1c 63d08efc
0x266dd398:   296424b8 00000000 00000002 252b6284
0x266dd3a8:   267bb258 267bb258 266dd3e4 266dd3f0
0x266dd3b8:   266dd418 2b03779d 25a96678 252b5e90
0x266dd3c8:   252b5e98 252b6284 000003ec 0255c05a
0x266dd3d8:   00000000 00000000 00000000 266dd40c
0x266dd3e8:   63ab0d00 252b6400 00000006 00000008
0x266dd3f8:   252b6400 267bb250 267bb258 267bb258 

Instructions: (pc=0x25a96600)
0x25a965e0:   2e 2f 2e 2f 40 4c 6f 6e 67 4c 69 6e 6b 00 00 00
0x25a965f0:   a0 5a 3a 7c 63 1e 00 88 0f 00 03 00 b4 4b f9 11
0x25a96600:   65 6e 74 72 79 53 65 72 69 61 6c 69 7a 65 72 52
0x25a96610:   dc 5a 36 7c 74 1f 00 88 10 00 0e 00 13 43 94 12 


Register to memory mapping:

EAX=0x00000004 is an unknown value
EBX=0x252b6540 is an unknown value
ECX=0x00000000 is an unknown value
EDX=0x24c4e11c is an unknown value
ESP=0x266dd388 is pointing into the stack for thread: 0x252b6400
EBP=0x266dd3b8 is pointing into the stack for thread: 0x252b6400
ESI=0x266dd3d8 is pointing into the stack for thread: 0x252b6400
EDI=0x2984ba08 is an unknown value


Stack: [0x26690000,0x266e0000],  sp=0x266dd388,  free space=308k
Native frames: (J=compiled Java code, j=interpreted, Vv=VM code, C=native code)
C  0x25a96600
C  [libaapt2_jni.dll+0x2779d]
j  com.android.tools.aapt2.Aapt2Jni.nativeCompile(Ljava/util/List;Lcom/android/tools/aapt2/Aapt2JniLogCallback;)I+0
j  com.android.tools.aapt2.Aapt2Jni.compile(Ljava/util/List;)Lcom/android/tools/aapt2/Aapt2Result;+6
j  com.android.builder.internal.aapt.v2.AaptV2Jni.lambda$compile$0(Lcom/android/ide/common/res2/CompileResourceRequest;)Ljava/io/File;+10
j  com.android.builder.internal.aapt.v2.AaptV2Jni$$Lambda$289.call()Ljava/lang/Object;+8
j  java.util.concurrent.ForkJoinTask$AdaptedCallable.exec()Z+5
j  java.util.concurrent.ForkJoinTask.doExec()I+10
j  java.util.concurrent.ForkJoinTask.externalInterruptibleAwaitDone()I+55
j  java.util.concurrent.ForkJoinTask.get()Ljava/lang/Object;+17
j  com.android.ide.common.res2.MergedResourceWriter.postWriteAction()V+635
j  com.android.ide.common.res2.MergeWriter.end()V+1
j  com.android.ide.common.res2.MergedResourceWriter.end()V+1
J 5191% C1 com.android.ide.common.res2.DataMerger.mergeData(Lcom/android/ide/common/res2/MergeConsumer;Z)V (603 bytes) @ 0x0296181c [0x02960fc0+0x85c]
j  com.android.ide.common.res2.ResourceMerger.mergeData(Lcom/android/ide/common/res2/MergeConsumer;Z)V+7
j  com.android.build.gradle.tasks.MergeResources.doFullTaskAction()V+201
j  com.android.build.gradle.internal.tasks.IncrementalTask.taskAction(Lorg/gradle/api/tasks/incremental/IncrementalTaskInputs;)V+33
v  ~StubRoutines::call_stub
V  [jvm.dll+0x15af45]
V  [jvm.dll+0x2213ae]
V  [jvm.dll+0x15afde]
V  [jvm.dll+0x167758]
V  [jvm.dll+0x1679c3]
V  [jvm.dll+0x104093]
C  [java.dll+0x3b26]
J 2856 C1 sun.reflect.NativeMethodAccessorImpl.invoke(Ljava/lang/Object;[Ljava/lang/Object;)Ljava/lang/Object; (104 bytes) @ 0x026009e4 [0x02600740+0x2a4]
J 880 C1 sun.reflect.DelegatingMethodAccessorImpl.invoke(Ljava/lang/Object;[Ljava/lang/Object;)Ljava/lang/Object; (10 bytes) @ 0x027aa340 [0x027aa310+0x30]
J 879 C1 java.lang.reflect.Method.invoke(Ljava/lang/Object;[Ljava/lang/Object;)Ljava/lang/Object; (62 bytes) @ 0x027aa054 [0x027a9f80+0xd4]
j  org.gradle.internal.reflect.JavaMethod.invoke(Ljava/lang/Object;[Ljava/lang/Object;)Ljava/lang/Object;+6
j  org.gradle.api.internal.project.taskfactory.DefaultTaskClassInfoStore$IncrementalTaskAction.doExecute(Lorg/gradle/api/Task;Ljava/lang/String;)V+35
j  org.gradle.api.internal.project.taskfactory.DefaultTaskClassInfoStore$StandardTaskAction.execute(Lorg/gradle/api/Task;)V+32
j  org.gradle.api.internal.project.taskfactory.DefaultTaskClassInfoStore$StandardTaskAction.execute(Ljava/lang/Object;)V+5
j  org.gradle.api.internal.tasks.execution.ExecuteActionsTaskExecuter$1.run(Lorg/gradle/internal/operations/BuildOperationContext;)V+23
j  org.gradle.internal.progress.DefaultBuildOperationExecutor$RunnableBuildOperationWorker.execute(Lorg/gradle/internal/operations/RunnableBuildOperation;Lorg/gradle/internal/operations/BuildOperationContext;)V+2
j  org.gradle.internal.progress.DefaultBuildOperationExecutor$RunnableBuildOperationWorker.execute(Lorg/gradle/internal/operations/BuildOperation;Lorg/gradle/internal/operations/BuildOperationContext;)V+6
j  org.gradle.internal.progress.DefaultBuildOperationExecutor.execute(Lorg/gradle/internal/operations/BuildOperation;Lorg/gradle/internal/operations/BuildOperationWorker;Lorg/gradle/internal/progress/DefaultBuildOperationExecutor$DefaultBuildOperationState;)V+177
j  org.gradle.internal.progress.DefaultBuildOperationExecutor.run(Lorg/gradle/internal/operations/RunnableBuildOperation;)V+20
j  org.gradle.api.internal.tasks.execution.ExecuteActionsTaskExecuter.executeAction(Ljava/lang/String;Lorg/gradle/api/internal/TaskInternal;Lorg/gradle/api/internal/tasks/ContextAwareTaskAction;Lorg/gradle/api/internal/tasks/TaskExecutionContext;)V+23
j  org.gradle.api.internal.tasks.execution.ExecuteActionsTaskExecuter.executeActions(Lorg/gradle/api/internal/TaskInternal;Lorg/gradle/api/internal/tasks/TaskStateInternal;Lorg/gradle/api/internal/tasks/TaskExecutionContext;)Lorg/gradle/api/GradleException;+131
j  org.gradle.api.internal.tasks.execution.ExecuteActionsTaskExecuter.execute(Lorg/gradle/api/internal/TaskInternal;Lorg/gradle/api/internal/tasks/TaskStateInternal;Lorg/gradle/api/internal/tasks/TaskExecutionContext;)V+42
j  org.gradle.api.internal.tasks.execution.SkipUpToDateTaskExecuter.execute(Lorg/gradle/api/internal/TaskInternal;Lorg/gradle/api/internal/tasks/TaskStateInternal;Lorg/gradle/api/internal/tasks/TaskExecutionContext;)V+124
j  org.gradle.api.internal.tasks.execution.ResolveTaskOutputCachingStateExecuter.execute(Lorg/gradle/api/internal/TaskInternal;Lorg/gradle/api/internal/tasks/TaskStateInternal;Lorg/gradle/api/internal/tasks/TaskExecutionContext;)V+96
j  org.gradle.api.internal.tasks.execution.ValidatingTaskExecuter.execute(Lorg/gradle/api/internal/TaskInternal;Lorg/gradle/api/internal/tasks/TaskStateInternal;Lorg/gradle/api/internal/tasks/TaskExecutionContext;)V+215
j  org.gradle.api.internal.tasks.execution.SkipEmptySourceFilesTaskExecuter.execute(Lorg/gradle/api/internal/TaskInternal;Lorg/gradle/api/internal/tasks/TaskStateInternal;Lorg/gradle/api/internal/tasks/TaskExecutionContext;)V+335
j  org.gradle.api.internal.tasks.execution.ResolveTaskArtifactStateTaskExecuter.execute(Lorg/gradle/api/internal/TaskInternal;Lorg/gradle/api/internal/tasks/TaskStateInternal;Lorg/gradle/api/internal/tasks/TaskExecutionContext;)V+72
j  org.gradle.api.internal.tasks.execution.SkipTaskWithNoActionsExecuter.execute(Lorg/gradle/api/internal/TaskInternal;Lorg/gradle/api/internal/tasks/TaskStateInternal;Lorg/gradle/api/internal/tasks/TaskExecutionContext;)V+124
j  org.gradle.api.internal.tasks.execution.SkipOnlyIfTaskExecuter.execute(Lorg/gradle/api/internal/TaskInternal;Lorg/gradle/api/internal/tasks/TaskStateInternal;Lorg/gradle/api/internal/tasks/TaskExecutionContext;)V+85
j  org.gradle.api.internal.tasks.execution.ExecuteAtMostOnceTaskExecuter.execute(Lorg/gradle/api/internal/TaskInternal;Lorg/gradle/api/internal/tasks/TaskStateInternal;Lorg/gradle/api/internal/tasks/TaskExecutionContext;)V+26
j  org.gradle.api.internal.tasks.execution.CatchExceptionTaskExecuter.execute(Lorg/gradle/api/internal/TaskInternal;Lorg/gradle/api/internal/tasks/TaskStateInternal;Lorg/gradle/api/internal/tasks/TaskExecutionContext;)V+7
j  org.gradle.execution.taskgraph.DefaultTaskGraphExecuter$EventFiringTaskWorker$1.run(Lorg/gradle/internal/operations/BuildOperationContext;)V+56
j  org.gradle.internal.progress.DefaultBuildOperationExecutor$RunnableBuildOperationWorker.execute(Lorg/gradle/internal/operations/RunnableBuildOperation;Lorg/gradle/internal/operations/BuildOperationContext;)V+2
j  org.gradle.internal.progress.DefaultBuildOperationExecutor$RunnableBuildOperationWorker.execute(Lorg/gradle/internal/operations/BuildOperation;Lorg/gradle/internal/operations/BuildOperationContext;)V+6
j  org.gradle.internal.progress.DefaultBuildOperationExecutor.execute(Lorg/gradle/internal/operations/BuildOperation;Lorg/gradle/internal/operations/BuildOperationWorker;Lorg/gradle/internal/progress/DefaultBuildOperationExecutor$DefaultBuildOperationState;)V+177
j  org.gradle.internal.progress.DefaultBuildOperationExecutor.run(Lorg/gradle/internal/operations/RunnableBuildOperation;)V+20
j  org.gradle.execution.taskgraph.DefaultTaskGraphExecuter$EventFiringTaskWorker.execute(Lorg/gradle/api/internal/TaskInternal;)V+16
j  org.gradle.execution.taskgraph.DefaultTaskGraphExecuter$EventFiringTaskWorker.execute(Ljava/lang/Object;)V+5
j  org.gradle.execution.taskgraph.DefaultTaskPlanExecutor$TaskExecutorWorker.processTask(Lorg/gradle/execution/taskgraph/TaskInfo;)V+8
j  org.gradle.execution.taskgraph.DefaultTaskPlanExecutor$TaskExecutorWorker.access$200(Lorg/gradle/execution/taskgraph/DefaultTaskPlanExecutor$TaskExecutorWorker;Lorg/gradle/execution/taskgraph/TaskInfo;)V+2
j  org.gradle.execution.taskgraph.DefaultTaskPlanExecutor$TaskExecutorWorker$1.execute(Lorg/gradle/execution/taskgraph/TaskInfo;)V+38
j  org.gradle.execution.taskgraph.DefaultTaskPlanExecutor$TaskExecutorWorker$1.execute(Ljava/lang/Object;)V+5
j  org.gradle.execution.taskgraph.DefaultTaskExecutionPlan.execute(Lorg/gradle/execution/taskgraph/TaskInfo;Lorg/gradle/internal/work/WorkerLeaseRegistry$WorkerLease;Lorg/gradle/api/Action;)V+14
j  org.gradle.execution.taskgraph.DefaultTaskExecutionPlan.executeWithTask(Lorg/gradle/internal/work/WorkerLeaseRegistry$WorkerLease;Lorg/gradle/api/Action;)Z+53
j  org.gradle.execution.taskgraph.DefaultTaskPlanExecutor$TaskExecutorWorker.run()V+52
j  org.gradle.execution.taskgraph.DefaultTaskPlanExecutor.process(Lorg/gradle/execution/taskgraph/TaskExecutionPlan;Lorg/gradle/api/Action;)V+67
j  org.gradle.execution.taskgraph.DefaultTaskGraphExecuter.execute()V+61
j  org.gradle.execution.SelectedTaskExecutionAction.execute(Lorg/gradle/execution/BuildExecutionContext;)V+55
j  org.gradle.execution.DefaultBuildExecuter.execute(Lorg/gradle/api/internal/GradleInternal;I)V+37
j  org.gradle.execution.DefaultBuildExecuter.access$000(Lorg/gradle/execution/DefaultBuildExecuter;Lorg/gradle/api/internal/GradleInternal;I)V+3
j  org.gradle.execution.DefaultBuildExecuter$1.proceed()V+14
j  org.gradle.execution.DryRunBuildExecutionAction.execute(Lorg/gradle/execution/BuildExecutionContext;)V+121
j  org.gradle.execution.DefaultBuildExecuter.execute(Lorg/gradle/api/internal/GradleInternal;I)V+37
j  org.gradle.execution.DefaultBuildExecuter.execute(Lorg/gradle/api/internal/GradleInternal;)V+3
j  org.gradle.initialization.DefaultGradleLauncher$ExecuteTasks.run(Lorg/gradle/internal/operations/BuildOperationContext;)V+55
j  org.gradle.internal.progress.DefaultBuildOperationExecutor$RunnableBuildOperationWorker.execute(Lorg/gradle/internal/operations/RunnableBuildOperation;Lorg/gradle/internal/operations/BuildOperationContext;)V+2
j  org.gradle.internal.progress.DefaultBuildOperationExecutor$RunnableBuildOperationWorker.execute(Lorg/gradle/internal/operations/BuildOperation;Lorg/gradle/internal/operations/BuildOperationContext;)V+6
j  org.gradle.internal.progress.DefaultBuildOperationExecutor.execute(Lorg/gradle/internal/operations/BuildOperation;Lorg/gradle/internal/operations/BuildOperationWorker;Lorg/gradle/internal/progress/DefaultBuildOperationExecutor$DefaultBuildOperationState;)V+177
j  org.gradle.internal.progress.DefaultBuildOperationExecutor.run(Lorg/gradle/internal/operations/RunnableBuildOperation;)V+20
j  org.gradle.initialization.DefaultGradleLauncher.runTasks()V+53
j  org.gradle.initialization.DefaultGradleLauncher.doBuildStages(Lorg/gradle/initialization/DefaultGradleLauncher$Stage;)V+37
j  org.gradle.initialization.DefaultGradleLauncher.executeTasks()Lorg/gradle/api/internal/GradleInternal;+4
j  org.gradle.internal.invocation.GradleBuildController$1.call()Lorg/gradle/api/internal/GradleInternal;+7
j  org.gradle.internal.invocation.GradleBuildController$1.call()Ljava/lang/Object;+1
j  org.gradle.internal.work.DefaultWorkerLeaseService.withLocks(Ljava/lang/Iterable;Ljava/util/concurrent/Callable;)Ljava/lang/Object;+15
j  org.gradle.internal.invocation.GradleBuildController.doBuild(Ljava/util/concurrent/Callable;)Lorg/gradle/api/internal/GradleInternal;+52
j  org.gradle.internal.invocation.GradleBuildController.run()Lorg/gradle/api/internal/GradleInternal;+9
j  org.gradle.tooling.internal.provider.runner.BuildModelActionRunner.run(Lorg/gradle/internal/invocation/BuildAction;Lorg/gradle/internal/invocation/BuildController;)V+66
j  org.gradle.launcher.exec.ChainingBuildActionRunner.run(Lorg/gradle/internal/invocation/BuildAction;Lorg/gradle/internal/invocation/BuildController;)V+34
j  org.gradle.launcher.exec.ChainingBuildActionRunner.run(Lorg/gradle/internal/invocation/BuildAction;Lorg/gradle/internal/invocation/BuildController;)V+34
j  org.gradle.tooling.internal.provider.ValidatingBuildActionRunner.run(Lorg/gradle/internal/invocation/BuildAction;Lorg/gradle/internal/invocation/BuildController;)V+6
j  org.gradle.launcher.exec.RunAsBuildOperationBuildActionRunner$1.run(Lorg/gradle/internal/operations/BuildOperationContext;)V+15
j  org.gradle.internal.progress.DefaultBuildOperationExecutor$RunnableBuildOperationWorker.execute(Lorg/gradle/internal/operations/RunnableBuildOperation;Lorg/gradle/internal/operations/BuildOperationContext;)V+2
j  org.gradle.internal.progress.DefaultBuildOperationExecutor$RunnableBuildOperationWorker.execute(Lorg/gradle/internal/operations/BuildOperation;Lorg/gradle/internal/operations/BuildOperationContext;)V+6
j  org.gradle.internal.progress.DefaultBuildOperationExecutor.execute(Lorg/gradle/internal/operations/BuildOperation;Lorg/gradle/internal/operations/BuildOperationWorker;Lorg/gradle/internal/progress/DefaultBuildOperationExecutor$DefaultBuildOperationState;)V+177
j  org.gradle.internal.progress.DefaultBuildOperationExecutor.run(Lorg/gradle/internal/operations/RunnableBuildOperation;)V+20
j  org.gradle.launcher.exec.RunAsBuildOperationBuildActionRunner.run(Lorg/gradle/internal/invocation/BuildAction;Lorg/gradle/internal/invocation/BuildController;)V+34
j  org.gradle.tooling.internal.provider.SubscribableBuildActionRunner.run(Lorg/gradle/internal/invocation/BuildAction;Lorg/gradle/internal/invocation/BuildController;)V+40
j  org.gradle.launcher.exec.InProcessBuildActionExecuter.execute(Lorg/gradle/internal/invocation/BuildAction;Lorg/gradle/initialization/BuildRequestContext;Lorg/gradle/launcher/exec/BuildActionParameters;Lorg/gradle/internal/service/ServiceRegistry;)Ljava/lang/Object;+71
j  org.gradle.launcher.exec.InProcessBuildActionExecuter.execute(Lorg/gradle/internal/invocation/BuildAction;Lorg/gradle/initialization/BuildRequestContext;Ljava/lang/Object;Lorg/gradle/internal/service/ServiceRegistry;)Ljava/lang/Object;+9
j  org.gradle.launcher.exec.BuildTreeScopeBuildActionExecuter.execute(Lorg/gradle/internal/invocation/BuildAction;Lorg/gradle/initialization/BuildRequestContext;Lorg/gradle/launcher/exec/BuildActionParameters;Lorg/gradle/internal/service/ServiceRegistry;)Ljava/lang/Object;+41
j  org.gradle.launcher.exec.BuildTreeScopeBuildActionExecuter.execute(Lorg/gradle/internal/invocation/BuildAction;Lorg/gradle/initialization/BuildRequestContext;Ljava/lang/Object;Lorg/gradle/internal/service/ServiceRegistry;)Ljava/lang/Object;+9
...<more frames>...

Java frames: (J=compiled Java code, j=interpreted, Vv=VM code)
j  com.android.tools.aapt2.Aapt2Jni.nativeCompile(Ljava/util/List;Lcom/android/tools/aapt2/Aapt2JniLogCallback;)I+0
j  com.android.tools.aapt2.Aapt2Jni.compile(Ljava/util/List;)Lcom/android/tools/aapt2/Aapt2Result;+6
j  com.android.builder.internal.aapt.v2.AaptV2Jni.lambda$compile$0(Lcom/android/ide/common/res2/CompileResourceRequest;)Ljava/io/File;+10
j  com.android.builder.internal.aapt.v2.AaptV2Jni$$Lambda$289.call()Ljava/lang/Object;+8
j  java.util.concurrent.ForkJoinTask$AdaptedCallable.exec()Z+5
j  java.util.concurrent.ForkJoinTask.doExec()I+10
j  java.util.concurrent.ForkJoinTask.externalInterruptibleAwaitDone()I+55
j  java.util.concurrent.ForkJoinTask.get()Ljava/lang/Object;+17
j  com.android.ide.common.res2.MergedResourceWriter.postWriteAction()V+635
j  com.android.ide.common.res2.MergeWriter.end()V+1
j  com.android.ide.common.res2.MergedResourceWriter.end()V+1
J 5191% C1 com.android.ide.common.res2.DataMerger.mergeData(Lcom/android/ide/common/res2/MergeConsumer;Z)V (603 bytes) @ 0x0296181c [0x02960fc0+0x85c]
j  com.android.ide.common.res2.ResourceMerger.mergeData(Lcom/android/ide/common/res2/MergeConsumer;Z)V+7
j  com.android.build.gradle.tasks.MergeResources.doFullTaskAction()V+201
j  com.android.build.gradle.internal.tasks.IncrementalTask.taskAction(Lorg/gradle/api/tasks/incremental/IncrementalTaskInputs;)V+33
v  ~StubRoutines::call_stub
J 2857  sun.reflect.NativeMethodAccessorImpl.invoke0(Ljava/lang/reflect/Method;Ljava/lang/Object;[Ljava/lang/Object;)Ljava/lang/Object; (0 bytes) @ 0x0260185d [0x026017e0+0x7d]
J 2856 C1 sun.reflect.NativeMethodAccessorImpl.invoke(Ljava/lang/Object;[Ljava/lang/Object;)Ljava/lang/Object; (104 bytes) @ 0x026009e4 [0x02600740+0x2a4]
J 880 C1 sun.reflect.DelegatingMethodAccessorImpl.invoke(Ljava/lang/Object;[Ljava/lang/Object;)Ljava/lang/Object; (10 bytes) @ 0x027aa340 [0x027aa310+0x30]
J 879 C1 java.lang.reflect.Method.invoke(Ljava/lang/Object;[Ljava/lang/Object;)Ljava/lang/Object; (62 bytes) @ 0x027aa054 [0x027a9f80+0xd4]
j  org.gradle.internal.reflect.JavaMethod.invoke(Ljava/lang/Object;[Ljava/lang/Object;)Ljava/lang/Object;+6
j  org.gradle.api.internal.project.taskfactory.DefaultTaskClassInfoStore$IncrementalTaskAction.doExecute(Lorg/gradle/api/Task;Ljava/lang/String;)V+35
j  org.gradle.api.internal.project.taskfactory.DefaultTaskClassInfoStore$StandardTaskAction.execute(Lorg/gradle/api/Task;)V+32
j  org.gradle.api.internal.project.taskfactory.DefaultTaskClassInfoStore$StandardTaskAction.execute(Ljava/lang/Object;)V+5
j  org.gradle.api.internal.tasks.execution.ExecuteActionsTaskExecuter$1.run(Lorg/gradle/internal/operations/BuildOperationContext;)V+23
j  org.gradle.internal.progress.DefaultBuildOperationExecutor$RunnableBuildOperationWorker.execute(Lorg/gradle/internal/operations/RunnableBuildOperation;Lorg/gradle/internal/operations/BuildOperationContext;)V+2
j  org.gradle.internal.progress.DefaultBuildOperationExecutor$RunnableBuildOperationWorker.execute(Lorg/gradle/internal/operations/BuildOperation;Lorg/gradle/internal/operations/BuildOperationContext;)V+6
j  org.gradle.internal.progress.DefaultBuildOperationExecutor.execute(Lorg/gradle/internal/operations/BuildOperation;Lorg/gradle/internal/operations/BuildOperationWorker;Lorg/gradle/internal/progress/DefaultBuildOperationExecutor$DefaultBuildOperationState;)V+177
j  org.gradle.internal.progress.DefaultBuildOperationExecutor.run(Lorg/gradle/internal/operations/RunnableBuildOperation;)V+20
j  org.gradle.api.internal.tasks.execution.ExecuteActionsTaskExecuter.executeAction(Ljava/lang/String;Lorg/gradle/api/internal/TaskInternal;Lorg/gradle/api/internal/tasks/ContextAwareTaskAction;Lorg/gradle/api/internal/tasks/TaskExecutionContext;)V+23
j  org.gradle.api.internal.tasks.execution.ExecuteActionsTaskExecuter.executeActions(Lorg/gradle/api/internal/TaskInternal;Lorg/gradle/api/internal/tasks/TaskStateInternal;Lorg/gradle/api/internal/tasks/TaskExecutionContext;)Lorg/gradle/api/GradleException;+131
j  org.gradle.api.internal.tasks.execution.ExecuteActionsTaskExecuter.execute(Lorg/gradle/api/internal/TaskInternal;Lorg/gradle/api/internal/tasks/TaskStateInternal;Lorg/gradle/api/internal/tasks/TaskExecutionContext;)V+42
j  org.gradle.api.internal.tasks.execution.SkipUpToDateTaskExecuter.execute(Lorg/gradle/api/internal/TaskInternal;Lorg/gradle/api/internal/tasks/TaskStateInternal;Lorg/gradle/api/internal/tasks/TaskExecutionContext;)V+124
j  org.gradle.api.internal.tasks.execution.ResolveTaskOutputCachingStateExecuter.execute(Lorg/gradle/api/internal/TaskInternal;Lorg/gradle/api/internal/tasks/TaskStateInternal;Lorg/gradle/api/internal/tasks/TaskExecutionContext;)V+96
j  org.gradle.api.internal.tasks.execution.ValidatingTaskExecuter.execute(Lorg/gradle/api/internal/TaskInternal;Lorg/gradle/api/internal/tasks/TaskStateInternal;Lorg/gradle/api/internal/tasks/TaskExecutionContext;)V+215
j  org.gradle.api.internal.tasks.execution.SkipEmptySourceFilesTaskExecuter.execute(Lorg/gradle/api/internal/TaskInternal;Lorg/gradle/api/internal/tasks/TaskStateInternal;Lorg/gradle/api/internal/tasks/TaskExecutionContext;)V+335
j  org.gradle.api.internal.tasks.execution.ResolveTaskArtifactStateTaskExecuter.execute(Lorg/gradle/api/internal/TaskInternal;Lorg/gradle/api/internal/tasks/TaskStateInternal;Lorg/gradle/api/internal/tasks/TaskExecutionContext;)V+72
j  org.gradle.api.internal.tasks.execution.SkipTaskWithNoActionsExecuter.execute(Lorg/gradle/api/internal/TaskInternal;Lorg/gradle/api/internal/tasks/TaskStateInternal;Lorg/gradle/api/internal/tasks/TaskExecutionContext;)V+124
j  org.gradle.api.internal.tasks.execution.SkipOnlyIfTaskExecuter.execute(Lorg/gradle/api/internal/TaskInternal;Lorg/gradle/api/internal/tasks/TaskStateInternal;Lorg/gradle/api/internal/tasks/TaskExecutionContext;)V+85
j  org.gradle.api.internal.tasks.execution.ExecuteAtMostOnceTaskExecuter.execute(Lorg/gradle/api/internal/TaskInternal;Lorg/gradle/api/internal/tasks/TaskStateInternal;Lorg/gradle/api/internal/tasks/TaskExecutionContext;)V+26
j  org.gradle.api.internal.tasks.execution.CatchExceptionTaskExecuter.execute(Lorg/gradle/api/internal/TaskInternal;Lorg/gradle/api/internal/tasks/TaskStateInternal;Lorg/gradle/api/internal/tasks/TaskExecutionContext;)V+7
j  org.gradle.execution.taskgraph.DefaultTaskGraphExecuter$EventFiringTaskWorker$1.run(Lorg/gradle/internal/operations/BuildOperationContext;)V+56
j  org.gradle.internal.progress.DefaultBuildOperationExecutor$RunnableBuildOperationWorker.execute(Lorg/gradle/internal/operations/RunnableBuildOperation;Lorg/gradle/internal/operations/BuildOperationContext;)V+2
j  org.gradle.internal.progress.DefaultBuildOperationExecutor$RunnableBuildOperationWorker.execute(Lorg/gradle/internal/operations/BuildOperation;Lorg/gradle/internal/operations/BuildOperationContext;)V+6
j  org.gradle.internal.progress.DefaultBuildOperationExecutor.execute(Lorg/gradle/internal/operations/BuildOperation;Lorg/gradle/internal/operations/BuildOperationWorker;Lorg/gradle/internal/progress/DefaultBuildOperationExecutor$DefaultBuildOperationState;)V+177
j  org.gradle.internal.progress.DefaultBuildOperationExecutor.run(Lorg/gradle/internal/operations/RunnableBuildOperation;)V+20
j  org.gradle.execution.taskgraph.DefaultTaskGraphExecuter$EventFiringTaskWorker.execute(Lorg/gradle/api/internal/TaskInternal;)V+16
j  org.gradle.execution.taskgraph.DefaultTaskGraphExecuter$EventFiringTaskWorker.execute(Ljava/lang/Object;)V+5
j  org.gradle.execution.taskgraph.DefaultTaskPlanExecutor$TaskExecutorWorker.processTask(Lorg/gradle/execution/taskgraph/TaskInfo;)V+8
j  org.gradle.execution.taskgraph.DefaultTaskPlanExecutor$TaskExecutorWorker.access$200(Lorg/gradle/execution/taskgraph/DefaultTaskPlanExecutor$TaskExecutorWorker;Lorg/gradle/execution/taskgraph/TaskInfo;)V+2
j  org.gradle.execution.taskgraph.DefaultTaskPlanExecutor$TaskExecutorWorker$1.execute(Lorg/gradle/execution/taskgraph/TaskInfo;)V+38
j  org.gradle.execution.taskgraph.DefaultTaskPlanExecutor$TaskExecutorWorker$1.execute(Ljava/lang/Object;)V+5
j  org.gradle.execution.taskgraph.DefaultTaskExecutionPlan.execute(Lorg/gradle/execution/taskgraph/TaskInfo;Lorg/gradle/internal/work/WorkerLeaseRegistry$WorkerLease;Lorg/gradle/api/Action;)V+14
j  org.gradle.execution.taskgraph.DefaultTaskExecutionPlan.executeWithTask(Lorg/gradle/internal/work/WorkerLeaseRegistry$WorkerLease;Lorg/gradle/api/Action;)Z+53
j  org.gradle.execution.taskgraph.DefaultTaskPlanExecutor$TaskExecutorWorker.run()V+52
j  org.gradle.execution.taskgraph.DefaultTaskPlanExecutor.process(Lorg/gradle/execution/taskgraph/TaskExecutionPlan;Lorg/gradle/api/Action;)V+67
j  org.gradle.execution.taskgraph.DefaultTaskGraphExecuter.execute()V+61
j  org.gradle.execution.SelectedTaskExecutionAction.execute(Lorg/gradle/execution/BuildExecutionContext;)V+55
j  org.gradle.execution.DefaultBuildExecuter.execute(Lorg/gradle/api/internal/GradleInternal;I)V+37
j  org.gradle.execution.DefaultBuildExecuter.access$000(Lorg/gradle/execution/DefaultBuildExecuter;Lorg/gradle/api/internal/GradleInternal;I)V+3
j  org.gradle.execution.DefaultBuildExecuter$1.proceed()V+14
j  org.gradle.execution.DryRunBuildExecutionAction.execute(Lorg/gradle/execution/BuildExecutionContext;)V+121
j  org.gradle.execution.DefaultBuildExecuter.execute(Lorg/gradle/api/internal/GradleInternal;I)V+37
j  org.gradle.execution.DefaultBuildExecuter.execute(Lorg/gradle/api/internal/GradleInternal;)V+3
j  org.gradle.initialization.DefaultGradleLauncher$ExecuteTasks.run(Lorg/gradle/internal/operations/BuildOperationContext;)V+55
j  org.gradle.internal.progress.DefaultBuildOperationExecutor$RunnableBuildOperationWorker.execute(Lorg/gradle/internal/operations/RunnableBuildOperation;Lorg/gradle/internal/operations/BuildOperationContext;)V+2
j  org.gradle.internal.progress.DefaultBuildOperationExecutor$RunnableBuildOperationWorker.execute(Lorg/gradle/internal/operations/BuildOperation;Lorg/gradle/internal/operations/BuildOperationContext;)V+6
j  org.gradle.internal.progress.DefaultBuildOperationExecutor.execute(Lorg/gradle/internal/operations/BuildOperation;Lorg/gradle/internal/operations/BuildOperationWorker;Lorg/gradle/internal/progress/DefaultBuildOperationExecutor$DefaultBuildOperationState;)V+177
j  org.gradle.internal.progress.DefaultBuildOperationExecutor.run(Lorg/gradle/internal/operations/RunnableBuildOperation;)V+20
j  org.gradle.initialization.DefaultGradleLauncher.runTasks()V+53
j  org.gradle.initialization.DefaultGradleLauncher.doBuildStages(Lorg/gradle/initialization/DefaultGradleLauncher$Stage;)V+37
j  org.gradle.initialization.DefaultGradleLauncher.executeTasks()Lorg/gradle/api/internal/GradleInternal;+4
j  org.gradle.internal.invocation.GradleBuildController$1.call()Lorg/gradle/api/internal/GradleInternal;+7
j  org.gradle.internal.invocation.GradleBuildController$1.call()Ljava/lang/Object;+1
j  org.gradle.internal.work.DefaultWorkerLeaseService.withLocks(Ljava/lang/Iterable;Ljava/util/concurrent/Callable;)Ljava/lang/Object;+15
j  org.gradle.internal.invocation.GradleBuildController.doBuild(Ljava/util/concurrent/Callable;)Lorg/gradle/api/internal/GradleInternal;+52
j  org.gradle.internal.invocation.GradleBuildController.run()Lorg/gradle/api/internal/GradleInternal;+9
j  org.gradle.tooling.internal.provider.runner.BuildModelActionRunner.run(Lorg/gradle/internal/invocation/BuildAction;Lorg/gradle/internal/invocation/BuildController;)V+66
j  org.gradle.launcher.exec.ChainingBuildActionRunner.run(Lorg/gradle/internal/invocation/BuildAction;Lorg/gradle/internal/invocation/BuildController;)V+34
j  org.gradle.launcher.exec.ChainingBuildActionRunner.run(Lorg/gradle/internal/invocation/BuildAction;Lorg/gradle/internal/invocation/BuildController;)V+34
j  org.gradle.tooling.internal.provider.ValidatingBuildActionRunner.run(Lorg/gradle/internal/invocation/BuildAction;Lorg/gradle/internal/invocation/BuildController;)V+6
j  org.gradle.launcher.exec.RunAsBuildOperationBuildActionRunner$1.run(Lorg/gradle/internal/operations/BuildOperationContext;)V+15
j  org.gradle.internal.progress.DefaultBuildOperationExecutor$RunnableBuildOperationWorker.execute(Lorg/gradle/internal/operations/RunnableBuildOperation;Lorg/gradle/internal/operations/BuildOperationContext;)V+2
j  org.gradle.internal.progress.DefaultBuildOperationExecutor$RunnableBuildOperationWorker.execute(Lorg/gradle/internal/operations/BuildOperation;Lorg/gradle/internal/operations/BuildOperationContext;)V+6
j  org.gradle.internal.progress.DefaultBuildOperationExecutor.execute(Lorg/gradle/internal/operations/BuildOperation;Lorg/gradle/internal/operations/BuildOperationWorker;Lorg/gradle/internal/progress/DefaultBuildOperationExecutor$DefaultBuildOperationState;)V+177
j  org.gradle.internal.progress.DefaultBuildOperationExecutor.run(Lorg/gradle/internal/operations/RunnableBuildOperation;)V+20
j  org.gradle.launcher.exec.RunAsBuildOperationBuildActionRunner.run(Lorg/gradle/internal/invocation/BuildAction;Lorg/gradle/internal/invocation/BuildController;)V+34
j  org.gradle.tooling.internal.provider.SubscribableBuildActionRunner.run(Lorg/gradle/internal/invocation/BuildAction;Lorg/gradle/internal/invocation/BuildController;)V+40
j  org.gradle.launcher.exec.InProcessBuildActionExecuter.execute(Lorg/gradle/internal/invocation/BuildAction;Lorg/gradle/initialization/BuildRequestContext;Lorg/gradle/launcher/exec/BuildActionParameters;Lorg/gradle/internal/service/ServiceRegistry;)Ljava/lang/Object;+71
j  org.gradle.launcher.exec.InProcessBuildActionExecuter.execute(Lorg/gradle/internal/invocation/BuildAction;Lorg/gradle/initialization/BuildRequestContext;Ljava/lang/Object;Lorg/gradle/internal/service/ServiceRegistry;)Ljava/lang/Object;+9
j  org.gradle.launcher.exec.BuildTreeScopeBuildActionExecuter.execute(Lorg/gradle/internal/invocation/BuildAction;Lorg/gradle/initialization/BuildRequestContext;Lorg/gradle/launcher/exec/BuildActionParameters;Lorg/gradle/internal/service/ServiceRegistry;)Ljava/lang/Object;+41
j  org.gradle.launcher.exec.BuildTreeScopeBuildActionExecuter.execute(Lorg/gradle/internal/invocation/BuildAction;Lorg/gradle/initialization/BuildRequestContext;Ljava/lang/Object;Lorg/gradle/internal/service/ServiceRegistry;)Ljava/lang/Object;+9
j  org.gradle.tooling.internal.provider.ContinuousBuildActionExecuter.execute(Lorg/gradle/internal/invocation/BuildAction;Lorg/gradle/initialization/BuildRequestContext;Lorg/gradle/launcher/exec/BuildActionParameters;Lorg/gradle/internal/service/ServiceRegistry;)Ljava/lang/Object;+28
j  org.gradle.tooling.internal.provider.ContinuousBuildActionExecuter.execute(Lorg/gradle/internal/invocation/BuildAction;Lorg/gradle/initialization/BuildRequestContext;Ljava/lang/Object;Lorg/gradle/internal/service/ServiceRegistry;)Ljava/lang/Object;+9
j  org.gradle.tooling.internal.provider.ServicesSetupBuildActionExecuter.execute(Lorg/gradle/internal/invocation/BuildAction;Lorg/gradle/initialization/BuildRequestContext;Lorg/gradle/launcher/exec/BuildActionParameters;Lorg/gradle/internal/service/ServiceRegistry;)Ljava/lang/Object;+85
j  org.gradle.tooling.internal.provider.ServicesSetupBuildActionExecuter.execute(Lorg/gradle/internal/invocation/BuildAction;Lorg/gradle/initialization/BuildRequestContext;Ljava/lang/Object;Lorg/gradle/internal/service/ServiceRegistry;)Ljava/lang/Object;+9
j  org.gradle.tooling.internal.provider.GradleThreadBuildActionExecuter.execute(Lorg/gradle/internal/invocation/BuildAction;Lorg/gradle/initialization/BuildRequestContext;Lorg/gradle/launcher/exec/BuildActionParameters;Lorg/gradle/internal/service/ServiceRegistry;)Ljava/lang/Object;+12
j  org.gradle.tooling.internal.provider.GradleThreadBuildActionExecuter.execute(Lorg/gradle/internal/invocation/BuildAction;Lorg/gradle/initialization/BuildRequestContext;Ljava/lang/Object;Lorg/gradle/internal/service/ServiceRegistry;)Ljava/lang/Object;+9
j  org.gradle.tooling.internal.provider.ParallelismConfigurationBuildActionExecuter.execute(Lorg/gradle/internal/invocation/BuildAction;Lorg/gradle/initialization/BuildRequestContext;Lorg/gradle/launcher/exec/BuildActionParameters;Lorg/gradle/internal/service/ServiceRegistry;)Ljava/lang/Object;+43
j  org.gradle.tooling.internal.provider.ParallelismConfigurationBuildActionExecuter.execute(Lorg/gradle/internal/invocation/BuildAction;Lorg/gradle/initialization/BuildRequestContext;Ljava/lang/Object;Lorg/gradle/internal/service/ServiceRegistry;)Ljava/lang/Object;+9
j  org.gradle.tooling.internal.provider.StartParamsValidatingActionExecuter.execute(Lorg/gradle/internal/invocation/BuildAction;Lorg/gradle/initialization/BuildRequestContext;Lorg/gradle/launcher/exec/BuildActionParameters;Lorg/gradle/internal/service/ServiceRegistry;)Ljava/lang/Object;+257
j  org.gradle.tooling.internal.provider.StartParamsValidatingActionExecuter.execute(Lorg/gradle/internal/invocation/BuildAction;Lorg/gradle/initialization/BuildRequestContext;Ljava/lang/Object;Lorg/gradle/internal/service/ServiceRegistry;)Ljava/lang/Object;+9
j  org.gradle.tooling.internal.provider.SessionFailureReportingActionExecuter.execute(Lorg/gradle/internal/invocation/BuildAction;Lorg/gradle/initialization/BuildRequestContext;Lorg/gradle/launcher/exec/BuildActionParameters;Lorg/gradle/internal/service/ServiceRegistry;)Ljava/lang/Object;+9
j  org.gradle.tooling.internal.provider.SessionFailureReportingActionExecuter.execute(Lorg/gradle/internal/invocation/BuildAction;Lorg/gradle/initialization/BuildRequestContext;Ljava/lang/Object;Lorg/gradle/internal/service/ServiceRegistry;)Ljava/lang/Object;+9
j  org.gradle.tooling.internal.provider.SetupLoggingActionExecuter.execute(Lorg/gradle/internal/invocation/BuildAction;Lorg/gradle/initialization/BuildRequestContext;Lorg/gradle/launcher/exec/BuildActionParameters;Lorg/gradle/internal/service/ServiceRegistry;)Ljava/lang/Object;+69
j  org.gradle.tooling.internal.provider.SetupLoggingActionExecuter.execute(Lorg/gradle/internal/invocation/BuildAction;Lorg/gradle/initialization/BuildRequestContext;Ljava/lang/Object;Lorg/gradle/internal/service/ServiceRegistry;)Ljava/lang/Object;+9
j  org.gradle.launcher.daemon.server.exec.ExecuteBuild.doBuild(Lorg/gradle/launcher/daemon/server/api/DaemonCommandExecution;Lorg/gradle/launcher/daemon/protocol/Build;)V+114
j  org.gradle.launcher.daemon.server.exec.BuildCommandOnly.execute(Lorg/gradle/launcher/daemon/server/api/DaemonCommandExecution;)V+49
j  org.gradle.launcher.daemon.server.api.DaemonCommandExecution.proceed()Z+28
j  org.gradle.launcher.daemon.server.exec.WatchForDisconnection.execute(Lorg/gradle/launcher/daemon/server/api/DaemonCommandExecution;)V+19
j  org.gradle.launcher.daemon.server.api.DaemonCommandExecution.proceed()Z+28
j  org.gradle.launcher.daemon.server.exec.ResetDeprecationLogger.execute(Lorg/gradle/launcher/daemon/server/api/DaemonCommandExecution;)V+4
j  org.gradle.launcher.daemon.server.api.DaemonCommandExecution.proceed()Z+28
j  org.gradle.launcher.daemon.server.exec.RequestStopIfSingleUsedDaemon.execute(Lorg/gradle/launcher/daemon/server/api/DaemonCommandExecution;)V+33
j  org.gradle.launcher.daemon.server.api.DaemonCommandExecution.proceed()Z+28
j  org.gradle.launcher.daemon.server.exec.ForwardClientInput$2.call()Ljava/lang/Void;+4
j  org.gradle.launcher.daemon.server.exec.ForwardClientInput$2.call()Ljava/lang/Object;+1
j  org.gradle.util.Swapper.swap(Ljava/lang/Object;Ljava/util/concurrent/Callable;)Ljava/lang/Object;+21
j  org.gradle.launcher.daemon.server.exec.ForwardClientInput.execute(Lorg/gradle/launcher/daemon/server/api/DaemonCommandExecution;)V+63
j  org.gradle.launcher.daemon.server.api.DaemonCommandExecution.proceed()Z+28
j  org.gradle.launcher.daemon.server.exec.LogAndCheckHealth.execute(Lorg/gradle/launcher/daemon/server/api/DaemonCommandExecution;)V+28
j  org.gradle.launcher.daemon.server.api.DaemonCommandExecution.proceed()Z+28
j  org.gradle.launcher.daemon.server.exec.LogToClient.doBuild(Lorg/gradle/launcher/daemon/server/api/DaemonCommandExecution;Lorg/gradle/launcher/daemon/protocol/Build;)V+87
j  org.gradle.launcher.daemon.server.exec.BuildCommandOnly.execute(Lorg/gradle/launcher/daemon/server/api/DaemonCommandExecution;)V+49
j  org.gradle.launcher.daemon.server.api.DaemonCommandExecution.proceed()Z+28
j  org.gradle.launcher.daemon.server.exec.EstablishBuildEnvironment.doBuild(Lorg/gradle/launcher/daemon/server/api/DaemonCommandExecution;Lorg/gradle/launcher/daemon/protocol/Build;)V+365
j  org.gradle.launcher.daemon.server.exec.BuildCommandOnly.execute(Lorg/gradle/launcher/daemon/server/api/DaemonCommandExecution;)V+49
j  org.gradle.launcher.daemon.server.api.DaemonCommandExecution.proceed()Z+28
j  org.gradle.launcher.daemon.server.exec.StartBuildOrRespondWithBusy$1.run()V+44
j  org.gradle.launcher.daemon.server.DaemonStateCoordinator$1.run()V+4
J 3728 C1 org.gradle.internal.concurrent.ExecutorPolicy$CatchAndRecordFailures.onExecute(Ljava/lang/Runnable;)V (29 bytes) @ 0x0278efd4 [0x0278efa0+0x34]
j  org.gradle.internal.concurrent.ManagedExecutorImpl$1.run()V+25
j  java.util.concurrent.ThreadPoolExecutor.runWorker(Ljava/util/concurrent/ThreadPoolExecutor$Worker;)V+95
j  java.util.concurrent.ThreadPoolExecutor$Worker.run()V+5
j  org.gradle.internal.concurrent.ThreadFactoryImpl$ManagedThreadRunnable.run()V+7
j  java.lang.Thread.run()V+11
v  ~StubRoutines::call_stub

---------------  P R O C E S S  ---------------

Java Threads: ( => current thread )
  0x269e4400 JavaThread "ForkJoinPool.commonPool-worker-1" daemon [_thread_blocked, id=9056, stack(0x2b990000,0x2b9e0000)]
  0x269e1800 JavaThread "Worker Daemon Execution Thread 7" [_thread_blocked, id=6136, stack(0x2b870000,0x2b8c0000)]
  0x269e2800 JavaThread "Worker Daemon Execution Thread 6" [_thread_blocked, id=6348, stack(0x2b7e0000,0x2b830000)]
  0x269e3400 JavaThread "Worker Daemon Execution Thread 5" [_thread_blocked, id=2468, stack(0x2b750000,0x2b7a0000)]
  0x27619c00 JavaThread "Worker Daemon Execution Thread 4" [_thread_blocked, id=10644, stack(0x2b6c0000,0x2b710000)]
  0x2761bc00 JavaThread "Worker Daemon Execution Thread 3" [_thread_in_native, id=4172, stack(0x2b630000,0x2b680000)]
  0x2761b400 JavaThread "Worker Daemon Execution Thread 2" [_thread_blocked, id=3520, stack(0x2b5a0000,0x2b5f0000)]
  0x27619000 JavaThread "Worker Daemon Execution" [_thread_blocked, id=10648, stack(0x2b510000,0x2b560000)]
  0x27618800 JavaThread "Task worker for ':' Thread 3" [_thread_blocked, id=2072, stack(0x2afc0000,0x2b010000)]
  0x27618000 JavaThread "Task worker for ':' Thread 2" [_thread_blocked, id=9504, stack(0x2af30000,0x2af80000)]
  0x27617c00 JavaThread "Task worker for ':'" [_thread_blocked, id=11404, stack(0x00f00000,0x00f50000)]
  0x27617400 JavaThread "Cache worker for task history cache (D:\AndroidStudioProjects\J\.gradle\4.1\taskHistory)" [_thread_blocked, id=8428, stack(0x00e70000,0x00ec0000)]
  0x2761ac00 JavaThread "build operations Thread 4" [_thread_blocked, id=11612, stack(0x2aea0000,0x2aef0000)]
  0x2761c000 JavaThread "build operations Thread 3" [_thread_blocked, id=9868, stack(0x28a00000,0x28a50000)]
  0x27617000 JavaThread "build operations Thread 2" [_thread_blocked, id=6524, stack(0x28970000,0x289c0000)]
  0x2761c800 JavaThread "build operations" [_thread_blocked, id=1832, stack(0x288e0000,0x28930000)]
  0x27619400 JavaThread "Cache worker for Artifact transforms cache (C:\Users\Mukul\.gradle\caches\transforms-1)" [_thread_blocked, id=7164, stack(0x28050000,0x280a0000)]
  0x27616800 JavaThread "Cache worker for file hash cache (D:\AndroidStudioProjects\J\.gradle\4.1\fileHashes)" [_thread_blocked, id=3396, stack(0x27fc0000,0x28010000)]
  0x2761a800 JavaThread "Stdin handler" [_thread_blocked, id=8264, stack(0x27b30000,0x27b80000)]
  0x2761a000 JavaThread "Asynchronous log dispatcher for DefaultDaemonConnection: socket connection from /127.0.0.1:51296 to /127.0.0.1:51513" [_thread_blocked, id=5192, stack(0x26600000,0x26650000)]
  0x27616400 JavaThread "Cancel handler" [_thread_blocked, id=1320, stack(0x26570000,0x265c0000)]
  0x2761d800 JavaThread "Handler for socket connection from /127.0.0.1:51296 to /127.0.0.1:51513" [_thread_in_native, id=9832, stack(0x00f90000,0x00fe0000)]
  0x2761cc00 JavaThread "Memory manager" [_thread_blocked, id=7448, stack(0x28f20000,0x28f70000)]
  0x2761d400 JavaThread "pool-1-thread-1" [_thread_blocked, id=5388, stack(0x28d90000,0x28de0000)]
  0x269e2000 JavaThread "File lock request listener" [_thread_in_native, id=760, stack(0x27aa0000,0x27af0000)]
  0x269e4000 JavaThread "Cache worker for file hash cache (C:\Users\Mukul\.gradle\caches\4.1\fileHashes)" [_thread_blocked, id=9048, stack(0x27a10000,0x27a60000)]
=>0x252b6400 JavaThread "Daemon worker" [_thread_in_native, id=4176, stack(0x26690000,0x266e0000)]
  0x24b85000 JavaThread "Daemon" [_thread_blocked, id=236, stack(0x264e0000,0x26530000)]
  0x24b80400 JavaThread "Daemon periodic checks" [_thread_blocked, id=8260, stack(0x26450000,0x264a0000)]
  0x25a61400 JavaThread "Incoming local TCP Connector on port 51296" [_thread_in_native, id=10016, stack(0x261d0000,0x26220000)]
  0x25a44c00 JavaThread "Daemon health stats" [_thread_blocked, id=8732, stack(0x25e00000,0x25e50000)]
  0x24aad800 JavaThread "Service Thread" daemon [_thread_blocked, id=8860, stack(0x24ee0000,0x24f30000)]
  0x24a8d800 JavaThread "C1 CompilerThread0" daemon [_thread_blocked, id=4548, stack(0x24e50000,0x24ea0000)]
  0x24a8c800 JavaThread "Attach Listener" daemon [_thread_blocked, id=1372, stack(0x24dc0000,0x24e10000)]
  0x24a8a800 JavaThread "Signal Dispatcher" daemon [_thread_blocked, id=5608, stack(0x24d30000,0x24d80000)]
  0x24a79400 JavaThread "Finalizer" daemon [_thread_blocked, id=6600, stack(0x24ca0000,0x24cf0000)]
  0x24a63400 JavaThread "Reference Handler" daemon [_thread_blocked, id=4704, stack(0x045a0000,0x045f0000)]
  0x0084bc00 JavaThread "main" [_thread_blocked, id=10908, stack(0x01020000,0x01070000)]

Other Threads:
  0x007bd000 VMThread [stack: 0x04510000,0x04560000] [id=7676]
  0x24ab5800 WatcherThread [stack: 0x24f70000,0x24fc0000] [id=8056]

VM state:not at safepoint (normal execution)

VM Mutex/Monitor currently owned by a thread: None

Heap:
 def new generation   total 32640K, used 12246K [0x04600000, 0x06960000, 0x0f0a0000)
  eden space 29056K,  42% used [0x04600000, 0x051f5810, 0x06260000)
  from space 3584K,   0% used [0x06260000, 0x06260000, 0x065e0000)
  to   space 3584K,   0% used [0x065e0000, 0x065e0000, 0x06960000)
 tenured generation   total 72204K, used 43320K [0x0f0a0000, 0x13723000, 0x24600000)
   the space 72204K,  59% used [0x0f0a0000, 0x11aee1b8, 0x11aee200, 0x13723000)
 Metaspace       used 40308K, capacity 41386K, committed 42240K, reserved 42368K

Card table byte_map: [0x00850000,0x00960000] byte_map_base: 0x0082d000

Polling page: 0x00270000

CodeCache: size=32768Kb used=6701Kb max_used=7005Kb free=26066Kb
 bounds [0x02510000, 0x02bf8000, 0x04510000]
 total_blobs=3916 nmethods=3443 adapters=402
 compilation: enabled

Compilation events (10 events):
Event: 117.123 Thread 0x24a8d800 5275             com.sun.org.apache.xerces.internal.dom.ElementImpl::getTagName (16 bytes)
Event: 117.123 Thread 0x24a8d800 nmethod 5275 0x0287bf08 code [0x0287c010, 0x0287c0dc]
Event: 117.124 Thread 0x24a8d800 5276             com.android.utils.PositionXmlParser::getPositionHelper (757 bytes)
Event: 117.128 Thread 0x24a8d800 nmethod 5276 0x029c7f88 code [0x029c8370, 0x029c9908]
Event: 117.128 Thread 0x24a8d800 5277             com.android.ide.common.blame.SourceFilePosition::equals (55 bytes)
Event: 117.129 Thread 0x24a8d800 nmethod 5277 0x0287ba88 code [0x0287bba0, 0x0287bd98]
Event: 117.377 Thread 0x24a8d800 5278             sun.invoke.util.VerifyAccess::isSamePackage (114 bytes)
Event: 117.379 Thread 0x24a8d800 nmethod 5278 0x02890708 code [0x028908d0, 0x02890ec8]
Event: 117.509 Thread 0x24a8d800 5279             com.google.common.collect.MapMakerInternalMap$StrongEntry::getHash (5 bytes)
Event: 117.509 Thread 0x24a8d800 nmethod 5279 0x02831c48 code [0x02831d40, 0x02831dc0]

GC Heap History (10 events):
Event: 94.182 GC heap before
{Heap before GC invocations=114 (full 5):
 def new generation   total 27072K, used 24729K [0x04600000, 0x06350000, 0x0f0a0000)
  eden space 24128K, 100% used [0x04600000, 0x05d90000, 0x05d90000)
  from space 2944K,  20% used [0x05d90000, 0x05e26640, 0x06070000)
  to   space 2944K,   0% used [0x06070000, 0x06070000, 0x06350000)
 tenured generation   total 59816K, used 50577K [0x0f0a0000, 0x12b0a000, 0x24600000)
   the space 59816K,  84% used [0x0f0a0000, 0x122045c8, 0x12204600, 0x12b0a000)
 Metaspace       used 39644K, capacity 40893K, committed 40960K, reserved 41344K
Event: 94.202 GC heap after
Heap after GC invocations=115 (full 5):
 def new generation   total 27072K, used 2944K [0x04600000, 0x06350000, 0x0f0a0000)
  eden space 24128K,   0% used [0x04600000, 0x04600000, 0x05d90000)
  from space 2944K, 100% used [0x06070000, 0x06350000, 0x06350000)
  to   space 2944K,   0% used [0x05d90000, 0x05d90000, 0x06070000)
 tenured generation   total 59816K, used 51009K [0x0f0a0000, 0x12b0a000, 0x24600000)
   the space 59816K,  85% used [0x0f0a0000, 0x12270500, 0x12270600, 0x12b0a000)
 Metaspace       used 39644K, capacity 40893K, committed 40960K, reserved 41344K
}
Event: 115.054 GC heap before
{Heap before GC invocations=115 (full 5):
 def new generation   total 27072K, used 27072K [0x04600000, 0x06350000, 0x0f0a0000)
  eden space 24128K, 100% used [0x04600000, 0x05d90000, 0x05d90000)
  from space 2944K, 100% used [0x06070000, 0x06350000, 0x06350000)
  to   space 2944K,   0% used [0x05d90000, 0x05d90000, 0x06070000)
 tenured generation   total 59816K, used 51009K [0x0f0a0000, 0x12b0a000, 0x24600000)
   the space 59816K,  85% used [0x0f0a0000, 0x12270500, 0x12270600, 0x12b0a000)
 Metaspace       used 40241K, capacity 41517K, committed 41600K, reserved 42368K
Event: 115.077 GC heap after
Heap after GC invocations=116 (full 5):
 def new generation   total 27072K, used 2205K [0x04600000, 0x06350000, 0x0f0a0000)
  eden space 24128K,   0% used [0x04600000, 0x04600000, 0x05d90000)
  from space 2944K,  74% used [0x05d90000, 0x05fb74c0, 0x06070000)
  to   space 2944K,   0% used [0x06070000, 0x06070000, 0x06350000)
 tenured generation   total 59816K, used 53734K [0x0f0a0000, 0x12b0a000, 0x24600000)
   the space 59816K,  89% used [0x0f0a0000, 0x125198b0, 0x12519a00, 0x12b0a000)
 Metaspace       used 40241K, capacity 41517K, committed 41600K, reserved 42368K
}
Event: 115.660 GC heap before
{Heap before GC invocations=116 (full 5):
 def new generation   total 27072K, used 26333K [0x04600000, 0x06350000, 0x0f0a0000)
  eden space 24128K, 100% used [0x04600000, 0x05d90000, 0x05d90000)
  from space 2944K,  74% used [0x05d90000, 0x05fb74c0, 0x06070000)
  to   space 2944K,   0% used [0x06070000, 0x06070000, 0x06350000)
 tenured generation   total 59816K, used 53734K [0x0f0a0000, 0x12b0a000, 0x24600000)
   the space 59816K,  89% used [0x0f0a0000, 0x125198b0, 0x12519a00, 0x12b0a000)
 Metaspace       used 40269K, capacity 41517K, committed 41600K, reserved 42368K
Event: 115.670 GC heap after
Heap after GC invocations=117 (full 5):
 def new generation   total 27072K, used 900K [0x04600000, 0x06350000, 0x0f0a0000)
  eden space 24128K,   0% used [0x04600000, 0x04600000, 0x05d90000)
  from space 2944K,  30% used [0x06070000, 0x06151278, 0x06350000)
  to   space 2944K,   0% used [0x05d90000, 0x05d90000, 0x06070000)
 tenured generation   total 59816K, used 55135K [0x0f0a0000, 0x12b0a000, 0x24600000)
   the space 59816K,  92% used [0x0f0a0000, 0x12677e58, 0x12678000, 0x12b0a000)
 Metaspace       used 40269K, capacity 41517K, committed 41600K, reserved 42368K
}
Event: 116.041 GC heap before
{Heap before GC invocations=117 (full 5):
 def new generation   total 27072K, used 25028K [0x04600000, 0x06350000, 0x0f0a0000)
  eden space 24128K, 100% used [0x04600000, 0x05d90000, 0x05d90000)
  from space 2944K,  30% used [0x06070000, 0x06151278, 0x06350000)
  to   space 2944K,   0% used [0x05d90000, 0x05d90000, 0x06070000)
 tenured generation   total 59816K, used 55135K [0x0f0a0000, 0x12b0a000, 0x24600000)
   the space 59816K,  92% used [0x0f0a0000, 0x12677e58, 0x12678000, 0x12b0a000)
 Metaspace       used 40270K, capacity 41517K, committed 41600K, reserved 42368K
Event: 116.063 GC heap after
Heap after GC invocations=118 (full 5):
 def new generation   total 27072K, used 2944K [0x04600000, 0x06350000, 0x0f0a0000)
  eden space 24128K,   0% used [0x04600000, 0x04600000, 0x05d90000)
  from space 2944K, 100% used [0x05d90000, 0x06070000, 0x06070000)
  to   space 2944K,   0% used [0x06070000, 0x06070000, 0x06350000)
 tenured generation   total 59816K, used 57076K [0x0f0a0000, 0x12b0a000, 0x24600000)
   the space 59816K,  95% used [0x0f0a0000, 0x1285d390, 0x1285d400, 0x12b0a000)
 Metaspace       used 40270K, capacity 41517K, committed 41600K, reserved 42368K
}
Event: 116.702 GC heap before
{Heap before GC invocations=118 (full 5):
 def new generation   total 27072K, used 27072K [0x04600000, 0x06350000, 0x0f0a0000)
  eden space 24128K, 100% used [0x04600000, 0x05d90000, 0x05d90000)
  from space 2944K, 100% used [0x05d90000, 0x06070000, 0x06070000)
  to   space 2944K,   0% used [0x06070000, 0x06070000, 0x06350000)
 tenured generation   total 59816K, used 57076K [0x0f0a0000, 0x12b0a000, 0x24600000)
   the space 59816K,  95% used [0x0f0a0000, 0x1285d390, 0x1285d400, 0x12b0a000)
 Metaspace       used 40531K, capacity 41815K, committed 41856K, reserved 42368K
Event: 116.922 GC heap after
Heap after GC invocations=119 (full 6):
 def new generation   total 32640K, used 0K [0x04600000, 0x06960000, 0x0f0a0000)
  eden space 29056K,   0% used [0x04600000, 0x04600000, 0x06260000)
  from space 3584K,   0% used [0x06260000, 0x06260000, 0x065e0000)
  to   space 3584K,   0% used [0x065e0000, 0x065e0000, 0x06960000)
 tenured generation   total 72204K, used 43320K [0x0f0a0000, 0x13723000, 0x24600000)
   the space 72204K,  59% used [0x0f0a0000, 0x11aee1b8, 0x11aee200, 0x13723000)
 Metaspace       used 39876K, capacity 40928K, committed 41856K, reserved 42368K
}

Deoptimization events (0 events):
No events

Internal exceptions (10 events):
Event: 116.604 Thread 0x252b6400 Exception <a 'java/lang/NoSuchMethodError': <clinit>> (0x0560f190) thrown at [C:\re\workspace\8-2-build-windows-i586-cygwin\jdk8u131\8869\hotspot\src\share\vm\prims\jni.cpp, line 1613]
Event: 116.605 Thread 0x252b6400 Exception <a 'java/lang/NoSuchMethodError': <clinit>> (0x056244d8) thrown at [C:\re\workspace\8-2-build-windows-i586-cygwin\jdk8u131\8869\hotspot\src\share\vm\prims\jni.cpp, line 1613]
Event: 116.617 Thread 0x252b6400 Exception <a 'java/lang/NoSuchMethodError': <clinit>> (0x05695b50) thrown at [C:\re\workspace\8-2-build-windows-i586-cygwin\jdk8u131\8869\hotspot\src\share\vm\prims\jni.cpp, line 1613]
Event: 116.631 Thread 0x252b6400 Exception <a 'java/lang/NoSuchMethodError': <clinit>> (0x056bbb18) thrown at [C:\re\workspace\8-2-build-windows-i586-cygwin\jdk8u131\8869\hotspot\src\share\vm\prims\jni.cpp, line 1613]
Event: 116.631 Thread 0x252b6400 Exception <a 'java/lang/NoSuchMethodError': <clinit>> (0x056c3820) thrown at [C:\re\workspace\8-2-build-windows-i586-cygwin\jdk8u131\8869\hotspot\src\share\vm\prims\jni.cpp, line 1613]
Event: 116.631 Thread 0x252b6400 Exception <a 'java/lang/NoSuchMethodError': <clinit>> (0x056c6b68) thrown at [C:\re\workspace\8-2-build-windows-i586-cygwin\jdk8u131\8869\hotspot\src\share\vm\prims\jni.cpp, line 1613]
Event: 116.633 Thread 0x252b6400 Exception <a 'java/lang/NoSuchMethodError': <clinit>> (0x056dd5a8) thrown at [C:\re\workspace\8-2-build-windows-i586-cygwin\jdk8u131\8869\hotspot\src\share\vm\prims\jni.cpp, line 1613]
Event: 116.635 Thread 0x252b6400 Exception <a 'java/lang/NoSuchMethodError': <clinit>> (0x056faa00) thrown at [C:\re\workspace\8-2-build-windows-i586-cygwin\jdk8u131\8869\hotspot\src\share\vm\prims\jni.cpp, line 1613]
Event: 116.635 Thread 0x252b6400 Exception <a 'java/lang/NoSuchMethodError': <clinit>> (0x056fd880) thrown at [C:\re\workspace\8-2-build-windows-i586-cygwin\jdk8u131\8869\hotspot\src\share\vm\prims\jni.cpp, line 1613]
Event: 116.637 Thread 0x252b6400 Exception <a 'java/lang/NoSuchMethodError': <clinit>> (0x0570e7e0) thrown at [C:\re\workspace\8-2-build-windows-i586-cygwin\jdk8u131\8869\hotspot\src\share\vm\prims\jni.cpp, line 1613]

Events (10 events):
Event: 117.459 loading class com/android/builder/internal/aapt/v2/AaptV2CommandBuilder
Event: 117.460 loading class com/android/builder/internal/aapt/v2/AaptV2CommandBuilder done
Event: 117.506 loading class com/android/tools/aapt2/Aapt2Result
Event: 117.506 loading class com/android/tools/aapt2/Aapt2Result done
Event: 117.507 loading class com/android/tools/aapt2/Aapt2Result$Builder
Event: 117.507 loading class com/android/tools/aapt2/Aapt2Result$Builder done
Event: 117.507 loading class com/android/tools/aapt2/AutoValue_Aapt2Result$Builder
Event: 117.507 loading class com/android/tools/aapt2/AutoValue_Aapt2Result$Builder done
Event: 117.508 loading class com/android/tools/aapt2/AutoValue_Aapt2Result
Event: 117.508 loading class com/android/tools/aapt2/AutoValue_Aapt2Result done


Dynamic libraries:
0x010d0000 - 0x01103000 	C:\Program Files (x86)\Java\jdk1.8.0_131\bin\java.exe
0x77440000 - 0x775ce000 	C:\WINDOWS\SYSTEM32\ntdll.dll
0x76780000 - 0x76850000 	C:\WINDOWS\System32\KERNEL32.DLL
0x77270000 - 0x77432000 	C:\WINDOWS\System32\KERNELBASE.dll
0x68f60000 - 0x68ff3000 	C:\WINDOWS\SYSTEM32\apphelp.dll
0x76af0000 - 0x76b67000 	C:\WINDOWS\System32\ADVAPI32.dll
0x76190000 - 0x7624d000 	C:\WINDOWS\System32\msvcrt.dll
0x76010000 - 0x76051000 	C:\WINDOWS\System32\sechost.dll
0x75f10000 - 0x75fd0000 	C:\WINDOWS\System32\RPCRT4.dll
0x75260000 - 0x75280000 	C:\WINDOWS\System32\SspiCli.dll
0x75250000 - 0x7525a000 	C:\WINDOWS\System32\CRYPTBASE.dll
0x75bc0000 - 0x75c17000 	C:\WINDOWS\System32\bcryptPrimitives.dll
0x75990000 - 0x75acc000 	C:\WINDOWS\System32\USER32.dll
0x76250000 - 0x76266000 	C:\WINDOWS\System32\win32u.dll
0x75fe0000 - 0x76001000 	C:\WINDOWS\System32\GDI32.dll
0x77100000 - 0x77258000 	C:\WINDOWS\System32\gdi32full.dll
0x76270000 - 0x762e9000 	C:\WINDOWS\System32\msvcp_win.dll
0x75640000 - 0x75758000 	C:\WINDOWS\System32\ucrtbase.dll
0x6fce0000 - 0x6feee000 	C:\WINDOWS\WinSxS\x86_microsoft.windows.common-controls_6595b64144ccf1df_6.0.15063.483_none_6dad63fefc436da8\COMCTL32.dll
0x75400000 - 0x75638000 	C:\WINDOWS\System32\combase.dll
0x75d20000 - 0x75d45000 	C:\WINDOWS\System32\IMM32.DLL
0x6cd30000 - 0x6cdef000 	C:\Program Files (x86)\Java\jdk1.8.0_131\jre\bin\msvcr100.dll
0x63a30000 - 0x63dfe000 	C:\Program Files (x86)\Java\jdk1.8.0_131\jre\bin\client\jvm.dll
0x75fd0000 - 0x75fd6000 	C:\WINDOWS\System32\PSAPI.DLL
0x751e0000 - 0x751e8000 	C:\WINDOWS\SYSTEM32\VERSION.dll
0x709e0000 - 0x709e8000 	C:\WINDOWS\SYSTEM32\WSOCK32.dll
0x700d0000 - 0x700f4000 	C:\WINDOWS\SYSTEM32\WINMM.dll
0x76850000 - 0x768b7000 	C:\WINDOWS\System32\WS2_32.dll
0x6fa20000 - 0x6fa43000 	C:\WINDOWS\SYSTEM32\WINMMBASE.dll
0x75d50000 - 0x75d89000 	C:\WINDOWS\System32\cfgmgr32.dll
0x6cd20000 - 0x6cd2c000 	C:\Program Files (x86)\Java\jdk1.8.0_131\jre\bin\verify.dll
0x6ccf0000 - 0x6cd11000 	C:\Program Files (x86)\Java\jdk1.8.0_131\jre\bin\java.dll
0x6ccd0000 - 0x6cce3000 	C:\Program Files (x86)\Java\jdk1.8.0_131\jre\bin\zip.dll
0x73d20000 - 0x75068000 	C:\WINDOWS\System32\SHELL32.dll
0x76060000 - 0x760ec000 	C:\WINDOWS\System32\shcore.dll
0x76b70000 - 0x770f4000 	C:\WINDOWS\System32\windows.storage.dll
0x762f0000 - 0x76335000 	C:\WINDOWS\System32\shlwapi.dll
0x77260000 - 0x7726e000 	C:\WINDOWS\System32\kernel.appcore.dll
0x768c0000 - 0x76905000 	C:\WINDOWS\System32\powrprof.dll
0x75d90000 - 0x75da0000 	C:\WINDOWS\System32\profapi.dll
0x6ccb0000 - 0x6ccc6000 	C:\Program Files (x86)\Java\jdk1.8.0_131\jre\bin\net.dll
0x73400000 - 0x7344e000 	C:\WINDOWS\system32\mswsock.dll
0x6cca0000 - 0x6ccaf000 	C:\Program Files (x86)\Java\jdk1.8.0_131\jre\bin\nio.dll
0x6cc80000 - 0x6cc99000 	C:\Users\Mukul\.gradle\native\25\windows-i386\native-platform.dll
0x6cc70000 - 0x6cc7a000 	C:\Program Files (x86)\Java\jdk1.8.0_131\jre\bin\management.dll
0x751b0000 - 0x751c3000 	C:\WINDOWS\SYSTEM32\CRYPTSP.dll
0x733d0000 - 0x733ff000 	C:\WINDOWS\system32\rsaenh.dll
0x75160000 - 0x75178000 	C:\WINDOWS\SYSTEM32\bcrypt.dll
0x70980000 - 0x709a2000 	C:\WINDOWS\SYSTEM32\USERENV.dll
0x75220000 - 0x7524f000 	C:\WINDOWS\SYSTEM32\IPHLPAPI.DLL
0x75f00000 - 0x75f07000 	C:\WINDOWS\System32\NSI.dll
0x732f0000 - 0x73303000 	C:\WINDOWS\SYSTEM32\dhcpcsvc6.DLL
0x73310000 - 0x73324000 	C:\WINDOWS\SYSTEM32\dhcpcsvc.DLL
0x669c0000 - 0x669e0000 	C:\Program Files (x86)\Java\jdk1.8.0_131\jre\bin\sunec.dll
0x73270000 - 0x732ef000 	C:\WINDOWS\SYSTEM32\DNSAPI.dll
0x70e60000 - 0x70e68000 	C:\Windows\System32\rasadhlp.dll
0x70e10000 - 0x70e5a000 	C:\WINDOWS\System32\fwpuclnt.dll
0x669b0000 - 0x669b9000 	C:\Program Files (x86)\Java\jdk1.8.0_131\jre\bin\sunmscapi.dll
0x76970000 - 0x76aed000 	C:\WINDOWS\System32\CRYPT32.dll
0x75da0000 - 0x75dae000 	C:\WINDOWS\System32\MSASN1.dll
0x64b40000 - 0x64b58000 	C:\Users\Mukul\AppData\Local\Temp\aapt2_2353247766440417062\libwinpthread-1.dll
0x2b010000 - 0x2b2cb000 	C:\Users\Mukul\AppData\Local\Temp\aapt2_2353247766440417062\libaapt2_jni.dll
0x66860000 - 0x669a5000 	C:\Program Files (x86)\Java\jdk1.8.0_131\jre\bin\awt.dll
0x760f0000 - 0x76186000 	C:\WINDOWS\System32\OLEAUT32.dll
0x702a0000 - 0x703fd000 	C:\WINDOWS\SYSTEM32\dbghelp.dll

VM Arguments:
jvm_args: -Xmx512m -Dfile.encoding=windows-1252 -Duser.country=US -Duser.language=en -Duser.variant 
java_command: org.gradle.launcher.daemon.bootstrap.GradleDaemon 4.1
java_class_path (initial): C:\Users\Mukul\.gradle\wrapper\dists\gradle-4.1-all\bzyivzo6n839fup2jbap0tjew\gradle-4.1\lib\gradle-launcher-4.1.jar
Launcher Type: SUN_STANDARD

Environment Variables:
PATH=C:\WINDOWS\system32;C:\WINDOWS;C:\WINDOWS\System32\Wbem;C:\WINDOWS\System32\WindowsPowerShell\v1.0\;C:\Program Files\Git\cmd;C:\Program Files (x86)\GtkSharp\2.12\bin;C:\Program Files\RedHat\java-1.8.0-openjdk-1.8.0.131-1\bin;C:\Program Files\nodejs\;D:\Android\sdk\platform-tools
USERNAME=TBX
OS=Windows_NT
PROCESSOR_IDENTIFIER=Intel64 Family 6 Model 42 Stepping 7, GenuineIntel



---------------  S Y S T E M  ---------------

OS: Windows 10.0 , 64 bit Build 15063 (10.0.15063.296)

CPU:total 4 (initial active 4) (2 cores per cpu, 2 threads per core) family 6 model 42 stepping 7, cmov, cx8, fxsr, mmx, sse, sse2, sse3, ssse3, sse4.1, sse4.2, popcnt, avx, clmul, ht, tsc, tscinvbit

Memory: 4k page, physical 8216420k(1074524k free), swap 12679216k(2217024k free)

vm_info: Java HotSpot(TM) Client VM (25.131-b11) for windows-x86 JRE (1.8.0_131-b11), built on Mar 15 2017 01:26:29 by "java_re" with MS VC++ 10.0 (VS2010)

time: Tue Sep 05 17:55:09 2017
elapsed time: 117 seconds (0d 0h 1m 57s)

